2025-09-09 18:55:17,651 - INFO - Initialized EMBER preprocessor for 200 samples
2025-09-09 18:55:17,651 - INFO - Available RAM: 27.29 GB
2025-09-09 18:55:17,651 - INFO - Starting EMBER preprocessing pipeline...
2025-09-09 18:55:17,651 - INFO - Loading EMBER dataset...
2025-09-09 18:55:18,535 - INFO - Creating vectorized features...
2025-09-09 18:55:24,524 - ERROR - Error loading EMBER features: Samples can not be a single string. The input must be an iterable over iterables of strings.
2025-09-09 18:55:24,525 - ERROR - Preprocessing failed: Samples can not be a single string. The input must be an iterable over iterables of strings.
2025-09-09 19:00:54,265 - INFO - Initialized EMBER preprocessor for 200 samples
2025-09-09 19:00:54,265 - INFO - Available RAM: 27.29 GB
2025-09-09 19:00:54,265 - INFO - Starting EMBER preprocessing pipeline...
2025-09-09 19:00:54,265 - INFO - Loading EMBER dataset...
2025-09-09 19:00:55,055 - INFO - Creating vectorized features...
2025-09-09 19:00:58,952 - ERROR - Error loading EMBER features: Samples can not be a single string. The input must be an iterable over iterables of strings.
2025-09-09 19:00:58,953 - ERROR - Preprocessing failed: Samples can not be a single string. The input must be an iterable over iterables of strings.
2025-09-09 19:01:27,432 - INFO - Initialized EMBER preprocessor for 200 samples
2025-09-09 19:01:27,432 - INFO - Available RAM: 27.29 GB
2025-09-09 19:01:27,432 - INFO - Starting EMBER preprocessing pipeline...
2025-09-09 19:01:27,432 - INFO - Loading EMBER dataset...
2025-09-09 19:01:28,173 - INFO - Creating vectorized features...
2025-09-09 19:01:35,239 - ERROR - Error loading EMBER features: Samples can not be a single string. The input must be an iterable over iterables of strings.
2025-09-09 19:01:35,240 - ERROR - Preprocessing failed: Samples can not be a single string. The input must be an iterable over iterables of strings.
2025-09-09 19:04:01,933 - INFO - Initialized EMBER preprocessor for 200 samples
2025-09-09 19:04:01,933 - INFO - Available RAM: 27.29 GB
2025-09-09 19:04:01,933 - INFO - Starting EMBER preprocessing pipeline...
2025-09-09 19:04:01,933 - INFO - Loading EMBER dataset...
2025-09-09 19:04:02,680 - INFO - Removing incomplete file: /home/benchodbaap/DataAna/ember2018/X_train.dat
2025-09-09 19:04:02,681 - INFO - Removing incomplete file: /home/benchodbaap/DataAna/ember2018/y_train.dat
2025-09-09 19:04:02,682 - INFO - Creating vectorized features...
2025-09-09 19:04:06,121 - ERROR - Error loading EMBER features: Samples can not be a single string. The input must be an iterable over iterables of strings.
2025-09-09 19:04:06,124 - ERROR - Preprocessing failed: Samples can not be a single string. The input must be an iterable over iterables of strings.
2025-09-09 23:41:16,932 - INFO - Initialized EMBER preprocessor for 200 samples
2025-09-09 23:41:16,932 - INFO - Available RAM: 27.29 GB
2025-09-09 23:41:16,932 - INFO - Starting EMBER preprocessing pipeline...
2025-09-09 23:41:16,932 - INFO - Loading EMBER dataset...
2025-09-09 23:41:17,935 - INFO - Complete vectorized features found, loading existing files...
2025-09-09 23:41:17,935 - INFO - Loading vectorized features...
2025-09-09 23:42:04,146 - INFO - Loaded 1000000 samples with 2381 features
2025-09-09 23:42:04,376 - INFO - Cleaning dataset...
2025-09-09 23:44:50,109 - INFO - Removed 200000 unlabeled samples
2025-09-09 23:46:04,552 - INFO - Cleaned dataset: 800000 samples, 2381 features
2025-09-09 23:46:04,567 - INFO - Class distribution - Malicious: 400000, Benign: 400000
2025-09-09 23:46:04,650 - INFO - Creating balanced sample of 200 samples...
2025-09-09 23:46:04,686 - INFO - Created balanced sample: 200 samples
2025-09-09 23:46:04,687 - INFO - Sample class distribution - Malicious: 100, Benign: 100
2025-09-09 23:46:04,766 - ERROR - Preprocessing failed: Object of type int64 is not JSON serializable
2025-09-09 23:49:29,305 - INFO - Initialized EMBER preprocessor for 200 samples
2025-09-09 23:49:29,305 - INFO - Available RAM: 27.29 GB
2025-09-09 23:49:29,306 - INFO - Starting EMBER preprocessing pipeline...
2025-09-09 23:49:29,306 - INFO - Loading EMBER dataset...
2025-09-09 23:49:30,274 - INFO - Complete vectorized features found, loading existing files...
2025-09-09 23:49:30,274 - INFO - Loading vectorized features...
2025-09-09 23:50:01,013 - INFO - Loaded 1000000 samples with 2381 features
2025-09-09 23:50:01,184 - INFO - Cleaning dataset...
2025-09-09 23:52:41,302 - INFO - Removed 200000 unlabeled samples
2025-09-09 23:54:14,727 - INFO - Cleaned dataset: 800000 samples, 2381 features
2025-09-09 23:54:14,747 - INFO - Class distribution - Malicious: 400000, Benign: 400000
2025-09-09 23:54:14,807 - INFO - Creating balanced sample of 200 samples...
2025-09-09 23:54:14,833 - INFO - Created balanced sample: 200 samples
2025-09-09 23:54:14,833 - INFO - Sample class distribution - Malicious: 100, Benign: 100
2025-09-09 23:54:14,903 - INFO - Saved preprocessed data to /home/benchodbaap/DataAna/ember2018/preprocessed
2025-09-09 23:54:14,904 - INFO - Files: X_sample.npz, y_sample.npz, metadata_sample.json
2025-09-09 23:54:14,904 - INFO - Saving full cleaned dataset...
2025-09-09 23:55:38,366 - INFO - Saved preprocessed data to /home/benchodbaap/DataAna/ember2018/preprocessed
2025-09-09 23:55:38,366 - INFO - Files: X_full.npz, y_full.npz, metadata_full.json
2025-09-09 23:55:38,366 - INFO - Preprocessing complete!
2025-09-09 23:55:41,183 - INFO - Preprocessing completed successfully!
2025-09-09 23:55:41,183 - INFO - Ready for training with train_lightgbm.py
