2025-09-09 21:39:08,751 - INFO - Initialized LightGBM trainer for malware detection
2025-09-09 21:39:08,751 - INFO - Available RAM: 27.29 GB
2025-09-09 21:39:08,751 - INFO - Available RAM: 23.60 GB
2025-09-09 21:39:08,751 - INFO - CPU cores: 12
2025-09-09 21:39:08,751 - INFO - Using EMBER's built-in training...
2025-09-09 21:39:08,751 - INFO - Training model using EMBER's built-in training...
2025-09-09 21:39:08,752 - ERROR - EMBER training failed: [Errno 2] No such file or directory: './y_train.dat'
2025-09-09 21:39:08,752 - ERROR - Training failed: [Errno 2] No such file or directory: './y_train.dat'
2025-09-09 21:39:49,488 - INFO - Initialized LightGBM trainer for malware detection
2025-09-09 21:39:49,488 - INFO - Available RAM: 27.29 GB
2025-09-09 21:39:49,488 - INFO - Available RAM: 23.52 GB
2025-09-09 21:39:49,488 - INFO - CPU cores: 12
2025-09-09 21:39:49,488 - INFO - Using EMBER's built-in training...
2025-09-09 21:39:49,488 - INFO - Training model using EMBER's built-in training...
2025-09-09 21:39:49,489 - ERROR - EMBER training failed: [Errno 2] No such file or directory: './y_train.dat'
2025-09-09 21:39:49,489 - ERROR - Training failed: [Errno 2] No such file or directory: './y_train.dat'
2025-09-09 21:42:30,859 - INFO - Initialized LightGBM trainer for malware detection
2025-09-09 21:42:30,860 - INFO - Available RAM: 27.29 GB
2025-09-09 21:42:30,860 - INFO - Available RAM: 23.25 GB
2025-09-09 21:42:30,860 - INFO - CPU cores: 12
2025-09-09 21:42:30,860 - INFO - Using EMBER's built-in training...
2025-09-09 21:42:30,860 - INFO - Training model using EMBER's built-in training...
2025-09-10 00:04:13,411 - INFO - Initialized LightGBM trainer for malware detection
2025-09-10 00:04:13,411 - INFO - Available RAM: 27.29 GB
2025-09-10 00:04:13,411 - INFO - Available RAM: 24.88 GB
2025-09-10 00:04:13,411 - INFO - CPU cores: 12
2025-09-10 00:04:13,411 - INFO - === Training on 200-sample dataset ===
2025-09-10 00:04:13,411 - INFO - Loading preprocessed sample data...
2025-09-10 00:04:13,411 - INFO - Loading sample dataset...
2025-09-10 00:04:13,417 - INFO - Loaded 200 samples with 2381 features
2025-09-10 00:04:13,417 - INFO - Class distribution - Malicious: 100, Benign: 100
2025-09-10 00:04:13,417 - INFO - Metadata loaded: {'n_samples': 200, 'n_features': 2381, 'n_malicious': 100, 'n_benign': 100, 'feature_dim': 2381}
2025-09-10 00:04:13,417 - INFO - Loaded sample data: 200 samples, 2381 features
2025-09-10 00:04:13,417 - INFO - Class distribution - Malicious: 100, Benign: 100
2025-09-10 00:04:13,417 - INFO - Training LightGBM model on sample data...
2025-09-10 00:04:13,417 - INFO - Starting model training...
2025-09-10 00:04:13,419 - INFO - Training set: 140 samples
2025-09-10 00:04:13,419 - INFO - Validation set: 60 samples
2025-09-10 00:04:13,419 - INFO - Training with parameters: {'objective': 'binary', 'metric': ['binary_logloss', 'auc'], 'boosting_type': 'gbdt', 'verbosity': 1, 'num_leaves': 31, 'max_depth': -1, 'learning_rate': 0.1, 'feature_fraction': 0.9, 'bagging_fraction': 0.8, 'bagging_freq': 5, 'min_data_in_leaf': 50, 'max_bin': 255, 'data_sample_strategy': 'bagging', 'num_threads': 4, 'force_col_wise': True, 'lambda_l1': 0.1, 'lambda_l2': 0.1, 'min_gain_to_split': 0.0, 'is_unbalance': False, 'scale_pos_weight': 1.0}
2025-09-10 00:04:13,452 - INFO - Training completed in 0.03 seconds
2025-09-10 00:04:13,452 - INFO - Evaluating model performance...
2025-09-10 00:04:13,454 - WARNING - Cannot achieve both TPR ≥ 95% AND FPR ≤ 1%
2025-09-10 00:04:13,456 - INFO - === Model Performance ===
2025-09-10 00:04:13,456 - INFO - Accuracy: 0.7833
2025-09-10 00:04:13,456 - INFO - Precision: 0.7073
2025-09-10 00:04:13,456 - INFO - TPR (Recall): 0.9667 ✓
2025-09-10 00:04:13,456 - INFO - FPR: 0.4000 ✗
2025-09-10 00:04:13,456 - INFO - AUC: 0.8111
2025-09-10 00:04:13,456 - INFO - Optimal threshold: 0.3119
2025-09-10 00:04:13,456 - INFO - Avg prediction time: 0.0000 seconds ✓
2025-09-10 00:04:13,456 - INFO - Competition compliant: ✗ NO
2025-09-10 00:04:13,457 - INFO - Model size: 0.08 MB
2025-09-10 00:04:13,458 - INFO - Performing cross-validation...
2025-09-10 00:04:13,458 - INFO - Performing 5-fold cross-validation...
2025-09-10 00:04:13,458 - INFO - Training fold 1/5...
2025-09-10 00:04:13,514 - WARNING - Cannot achieve both TPR ≥ 95% AND FPR ≤ 1%
2025-09-10 00:04:13,515 - INFO - Training fold 2/5...
2025-09-10 00:04:13,544 - WARNING - Cannot achieve both TPR ≥ 95% AND FPR ≤ 1%
2025-09-10 00:04:13,545 - INFO - Training fold 3/5...
2025-09-10 00:04:13,627 - WARNING - Cannot achieve both TPR ≥ 95% AND FPR ≤ 1%
2025-09-10 00:04:13,628 - INFO - Training fold 4/5...
2025-09-10 00:04:13,655 - WARNING - Cannot achieve both TPR ≥ 95% AND FPR ≤ 1%
2025-09-10 00:04:13,695 - INFO - Training fold 5/5...
2025-09-10 00:04:13,721 - WARNING - Cannot achieve both TPR ≥ 95% AND FPR ≤ 1%
2025-09-10 00:04:13,722 - INFO - === Cross-Validation Results ===
2025-09-10 00:04:13,723 - INFO - Accuracy: 0.7000 ± 0.1107
2025-09-10 00:04:13,723 - INFO - TPR: 0.9800 ± 0.0245
2025-09-10 00:04:13,723 - INFO - FPR: 0.5800 ± 0.2227
2025-09-10 00:04:13,724 - INFO - Model saved to malware_lightgbm_200sample_model.pkl
2025-09-10 00:04:13,724 - INFO - LightGBM model saved to malware_lightgbm_200sample_model.txt
2025-09-10 00:04:13,725 - INFO - === Training Summary ===
2025-09-10 00:04:13,725 - INFO - Training completed on 200 samples
2025-09-10 00:04:13,725 - INFO - Model saved as: malware_lightgbm_200sample_model.pkl
2025-09-10 00:04:13,725 - INFO - Final Accuracy: 0.7833
2025-09-10 00:04:13,725 - INFO - Final TPR: 0.9667
2025-09-10 00:04:13,725 - INFO - Final FPR: 0.4000
2025-09-10 00:04:13,725 - INFO - CV Accuracy: 0.7000 ± 0.1107
2025-09-10 00:04:13,725 - INFO - Training completed successfully!
2025-09-10 00:08:12,047 - INFO - Initialized LightGBM trainer for malware detection
2025-09-10 00:08:12,048 - INFO - Available RAM: 27.29 GB
2025-09-10 00:08:12,048 - INFO - Available RAM: 24.97 GB
2025-09-10 00:08:12,048 - INFO - CPU cores: 12
2025-09-10 00:08:12,048 - INFO - === Training on 200-sample dataset ===
2025-09-10 00:08:12,048 - INFO - Loading preprocessed sample data...
2025-09-10 00:08:12,048 - INFO - Loading sample dataset...
2025-09-10 00:08:12,054 - INFO - Loaded 200 samples with 2381 features
2025-09-10 00:08:12,054 - INFO - Class distribution - Malicious: 100, Benign: 100
2025-09-10 00:08:12,054 - INFO - Metadata loaded: {'n_samples': 200, 'n_features': 2381, 'n_malicious': 100, 'n_benign': 100, 'feature_dim': 2381}
2025-09-10 00:08:12,054 - INFO - Loaded sample data: 200 samples, 2381 features
2025-09-10 00:08:12,054 - INFO - Class distribution - Malicious: 100, Benign: 100
2025-09-10 00:08:12,054 - INFO - Training LightGBM model on sample data...
2025-09-10 00:08:12,054 - INFO - Starting model training...
2025-09-10 00:08:12,055 - INFO - Training set: 140 samples
2025-09-10 00:08:12,055 - INFO - Validation set: 60 samples
2025-09-10 00:08:12,056 - INFO - Training with parameters: {'objective': 'binary', 'metric': ['binary_logloss', 'auc'], 'boosting_type': 'gbdt', 'verbosity': 1, 'num_leaves': 31, 'max_depth': -1, 'learning_rate': 0.1, 'feature_fraction': 0.9, 'bagging_fraction': 0.8, 'bagging_freq': 5, 'min_data_in_leaf': 50, 'max_bin': 255, 'data_sample_strategy': 'bagging', 'num_threads': 4, 'force_col_wise': True, 'lambda_l1': 0.1, 'lambda_l2': 0.1, 'min_gain_to_split': 0.0, 'is_unbalance': False, 'scale_pos_weight': 1.0}
2025-09-10 00:08:12,089 - INFO - Training completed in 0.03 seconds
2025-09-10 00:08:12,089 - INFO - Evaluating model performance...
2025-09-10 00:08:12,091 - WARNING - Cannot achieve both TPR ≥ 95% AND FPR ≤ 1%
2025-09-10 00:08:12,093 - INFO - === Model Performance ===
2025-09-10 00:08:12,093 - INFO - Accuracy: 0.7833
2025-09-10 00:08:12,093 - INFO - Precision: 0.7073
2025-09-10 00:08:12,093 - INFO - TPR (Recall): 0.9667 ✓
2025-09-10 00:08:12,093 - INFO - FPR: 0.4000 ✗
2025-09-10 00:08:12,093 - INFO - AUC: 0.8111
2025-09-10 00:08:12,094 - INFO - Optimal threshold: 0.3119
2025-09-10 00:08:12,094 - INFO - Avg prediction time: 0.0000 seconds ✓
2025-09-10 00:08:12,094 - INFO - Competition compliant: ✗ NO
2025-09-10 00:08:12,098 - INFO - Model size: 0.08 MB
2025-09-10 00:08:12,098 - INFO - Performing cross-validation...
2025-09-10 00:08:12,098 - INFO - Performing 5-fold cross-validation...
2025-09-10 00:08:12,099 - INFO - Training fold 1/5...
2025-09-10 00:08:12,124 - WARNING - Cannot achieve both TPR ≥ 95% AND FPR ≤ 1%
2025-09-10 00:08:12,126 - INFO - Training fold 2/5...
2025-09-10 00:08:12,204 - WARNING - Cannot achieve both TPR ≥ 95% AND FPR ≤ 1%
2025-09-10 00:08:12,205 - INFO - Training fold 3/5...
2025-09-10 00:08:12,241 - WARNING - Cannot achieve both TPR ≥ 95% AND FPR ≤ 1%
2025-09-10 00:08:12,295 - INFO - Training fold 4/5...
2025-09-10 00:08:12,324 - WARNING - Cannot achieve both TPR ≥ 95% AND FPR ≤ 1%
2025-09-10 00:08:12,325 - INFO - Training fold 5/5...
2025-09-10 00:08:12,349 - WARNING - Cannot achieve both TPR ≥ 95% AND FPR ≤ 1%
2025-09-10 00:08:12,350 - INFO - === Cross-Validation Results ===
2025-09-10 00:08:12,350 - INFO - Accuracy: 0.7000 ± 0.1107
2025-09-10 00:08:12,350 - INFO - TPR: 0.9800 ± 0.0245
2025-09-10 00:08:12,350 - INFO - FPR: 0.5800 ± 0.2227
2025-09-10 00:08:12,395 - INFO - Model saved to /home/benchodbaap/DataAna/models/malware_lightgbm_200sample_model.pkl
2025-09-10 00:08:12,396 - INFO - LightGBM model saved to /home/benchodbaap/DataAna/models/malware_lightgbm_200sample_model.txt
2025-09-10 00:08:12,396 - INFO - === Training Summary ===
2025-09-10 00:08:12,396 - INFO - Training completed on 200 samples
2025-09-10 00:08:12,396 - INFO - Model saved as: malware_lightgbm_200sample_model.pkl
2025-09-10 00:08:12,396 - INFO - Final Accuracy: 0.7833
2025-09-10 00:08:12,396 - INFO - Final TPR: 0.9667
2025-09-10 00:08:12,396 - INFO - Final FPR: 0.4000
2025-09-10 00:08:12,397 - INFO - CV Accuracy: 0.7000 ± 0.1107
2025-09-10 00:08:12,397 - INFO - Training completed successfully!
